[Void]
TerrainType=Void
BlockFire=TRUE
Resistance=65535
MovementGround=TRUE
MovementHover=TRUE

[Plain]
TerrainType=Plain
BlockFire=FALSE
Resistance=10
MovementGround=FALSE
MovementHover=FALSE

[Forest]
TerrainType=Forest
BlockFire=TRUE
Resistance=65535
MovementGround=TRUE
MovementHover=TRUE

[Water]
TerrainType=Water
BlockFire=FALSE
Resistance=65535
MovementGround=TRUE
MovementHover=FALSE

[Mountain]
TerrainType=Mountain
BlockFire=TRUE
Resistance=65535
MovementGround=TRUE
MovementHover=TRUE

[Bridge]
TerrainType=Bridge
BlockFire=FALSE
Resistance=65535
MovementGround=FALSE
MovementHover=FALSE

[Rock]
TerrainType=Rock
BlockFire=FALSE
Resistance=65535
MovementGround=TRUE
MovementHover=TRUE
